2024-06-06 11:00:15 Loading main app package /usr/lib/obsidian/obsidian.asar
2024-06-06 11:00:15 Checking for update using Github
2024-06-06 11:00:16 Success.
2024-06-06 11:00:16 Latest version is 1.5.12
2024-06-06 11:00:16 App is up to date.
2024-06-06 12:00:15 Checking for update using Github
2024-06-06 12:00:15 Success.
2024-06-06 12:00:15 Latest version is 1.5.12
2024-06-06 12:00:15 App is up to date.
2024-06-06 13:00:15 Checking for update using Github
2024-06-06 13:00:15 Success.
2024-06-06 13:00:15 Latest version is 1.5.12
2024-06-06 13:00:15 App is up to date.
2024-06-07 12:02:51 Checking for update using Github
2024-06-07 12:02:51 Success.
2024-06-07 12:02:51 Latest version is 1.5.12
2024-06-07 12:02:51 App is up to date.
2024-06-07 13:02:51 Checking for update using Github
2024-06-07 13:02:51 Success.
2024-06-07 13:02:51 Latest version is 1.5.12
2024-06-07 13:02:51 App is up to date.
2024-06-08 11:50:11 Checking for update using Github
2024-06-08 11:50:12 Success.
2024-06-08 11:50:12 Latest version is 1.6.2
2024-06-08 11:50:12 Downloading update from https://github.com/obsidianmd/obsidian-releases/releases/download/v1.6.2/obsidian-1.6.2.asar.gz
2024-06-08 11:50:14 Verifying hash & signature. Size= 8794467
2024-06-08 11:50:14 Saving file
2024-06-08 11:50:14 Update complete.
2024-06-08 12:50:11 Checking for update using Github
2024-06-08 12:50:12 Success.
2024-06-08 12:50:12 Latest version is 1.6.2
2024-06-08 12:50:12 An update is already downloaded.
2024-06-08 13:50:12 Checking for update using Github
2024-06-08 13:50:12 Success.
2024-06-08 13:50:12 Latest version is 1.6.2
2024-06-08 13:50:12 An update is already downloaded.
2024-06-08 14:50:12 Checking for update using Github
2024-06-08 14:50:12 Success.
2024-06-08 14:50:12 Latest version is 1.6.2
2024-06-08 14:50:12 An update is already downloaded.
2024-06-08 15:50:12 Checking for update using Github
2024-06-08 15:50:12 Success.
2024-06-08 15:50:12 Latest version is 1.6.2
2024-06-08 15:50:12 An update is already downloaded.
2024-06-08 16:50:12 Checking for update using Github
2024-06-08 16:50:12 Success.
2024-06-08 16:50:12 Latest version is 1.6.2
2024-06-08 16:50:12 An update is already downloaded.
2024-06-08 17:50:12 Checking for update using Github
2024-06-08 17:50:12 Success.
2024-06-08 17:50:12 Latest version is 1.6.3
2024-06-08 17:50:12 Downloading update from https://github.com/obsidianmd/obsidian-releases/releases/download/v1.6.3/obsidian-1.6.3.asar.gz
2024-06-08 17:50:16 Verifying hash & signature. Size= 8794449
2024-06-08 17:50:16 Saving file
2024-06-08 17:50:16 Update complete.
2024-06-08 18:50:12 Checking for update using Github
2024-06-08 18:50:12 Success.
2024-06-08 18:50:12 Latest version is 1.6.3
2024-06-08 18:50:12 An update is already downloaded.
2024-06-08 19:50:12 Checking for update using Github
2024-06-08 19:50:12 Success.
2024-06-08 19:50:12 Latest version is 1.6.3
2024-06-08 19:50:12 An update is already downloaded.
2024-06-08 20:50:12 Checking for update using Github
2024-06-08 20:50:12 Success.
2024-06-08 20:50:12 Latest version is 1.6.3
2024-06-08 20:50:12 An update is already downloaded.
2024-06-08 21:50:12 Checking for update using Github
2024-06-08 21:50:12 Success.
2024-06-08 21:50:12 Latest version is 1.6.3
2024-06-08 21:50:12 An update is already downloaded.
2024-06-08 22:50:12 Checking for update using Github
2024-06-08 22:50:12 Success.
2024-06-08 22:50:12 Latest version is 1.6.3
2024-06-08 22:50:12 An update is already downloaded.
2024-06-08 23:50:12 Checking for update using Github
2024-06-08 23:50:13 Success.
2024-06-08 23:50:13 Latest version is 1.6.3
2024-06-08 23:50:13 An update is already downloaded.
2024-06-09 00:50:12 Checking for update using Github
2024-06-09 00:50:13 Success.
2024-06-09 00:50:13 Latest version is 1.6.3
2024-06-09 00:50:13 An update is already downloaded.
2024-06-09 01:50:12 Checking for update using Github
2024-06-09 01:50:13 Success.
2024-06-09 01:50:13 Latest version is 1.6.3
2024-06-09 01:50:13 An update is already downloaded.
2024-06-09 02:50:13 Checking for update using Github
2024-06-09 02:50:13 Success.
2024-06-09 02:50:13 Latest version is 1.6.3
2024-06-09 02:50:13 An update is already downloaded.
2024-06-09 03:50:13 Checking for update using Github
2024-06-09 03:50:13 Success.
2024-06-09 03:50:13 Latest version is 1.6.3
2024-06-09 03:50:13 An update is already downloaded.
2024-06-09 04:50:13 Checking for update using Github
2024-06-09 04:50:13 Success.
2024-06-09 04:50:13 Latest version is 1.6.3
2024-06-09 04:50:13 An update is already downloaded.
2024-06-09 05:50:13 Checking for update using Github
2024-06-09 05:50:13 Success.
2024-06-09 05:50:13 Latest version is 1.6.3
2024-06-09 05:50:13 An update is already downloaded.
2024-06-09 06:50:13 Checking for update using Github
2024-06-09 06:50:13 Success.
2024-06-09 06:50:13 Latest version is 1.6.3
2024-06-09 06:50:13 An update is already downloaded.
2024-06-09 07:50:13 Checking for update using Github
2024-06-09 07:50:13 Success.
2024-06-09 07:50:13 Latest version is 1.6.3
2024-06-09 07:50:13 An update is already downloaded.
2024-06-09 08:50:13 Checking for update using Github
2024-06-09 08:50:13 Success.
2024-06-09 08:50:13 Latest version is 1.6.3
2024-06-09 08:50:13 An update is already downloaded.
2024-06-09 09:50:13 Checking for update using Github
2024-06-09 09:50:13 Success.
2024-06-09 09:50:13 Latest version is 1.6.3
2024-06-09 09:50:13 An update is already downloaded.
2024-06-09 10:50:13 Checking for update using Github
2024-06-09 10:50:14 Success.
2024-06-09 10:50:14 Latest version is 1.6.3
2024-06-09 10:50:14 An update is already downloaded.
2024-06-09 11:50:13 Checking for update using Github
2024-06-09 11:50:14 Success.
2024-06-09 11:50:14 Latest version is 1.6.3
2024-06-09 11:50:14 An update is already downloaded.
2024-06-09 12:49:48 Loading main app package /usr/lib/obsidian/obsidian.asar
2024-06-09 12:49:51 Checking for update using Github
2024-06-09 12:49:53 Success.
2024-06-09 12:49:53 Latest version is 1.6.3
2024-06-09 12:49:53 App is up to date.
2024-06-10 14:28:35 Loading main app package /usr/lib/obsidian/obsidian.asar
2024-06-10 14:28:38 Checking for update using Github
2024-06-10 14:28:39 Success.
2024-06-10 14:28:39 Latest version is 1.6.3
2024-06-10 14:28:39 App is up to date.
2024-06-10 15:28:35 Checking for update using Github
2024-06-10 15:28:35 Success.
2024-06-10 15:28:35 Latest version is 1.6.3
2024-06-10 15:28:35 App is up to date.
2024-06-10 16:28:35 Checking for update using Github
2024-06-10 16:28:36 Success.
2024-06-10 16:28:36 Latest version is 1.6.3
2024-06-10 16:28:36 App is up to date.
2024-06-10 17:28:35 Checking for update using Github
2024-06-10 17:28:36 Success.
2024-06-10 17:28:36 Latest version is 1.6.3
2024-06-10 17:28:36 App is up to date.
2024-06-10 18:28:36 Checking for update using Github
2024-06-10 18:28:36 Success.
2024-06-10 18:28:36 Latest version is 1.6.3
2024-06-10 18:28:36 App is up to date.
2024-06-10 19:28:36 Checking for update using Github
2024-06-10 19:28:36 Success.
2024-06-10 19:28:36 Latest version is 1.6.3
2024-06-10 19:28:36 App is up to date.
2024-06-11 08:55:26 Loading main app package /usr/lib/obsidian/obsidian.asar
2024-06-11 08:55:29 Checking for update using Github
2024-06-11 08:55:29 Success.
2024-06-11 08:55:29 Latest version is 1.6.3
2024-06-11 08:55:29 App is up to date.
2024-06-11 09:55:26 Checking for update using Github
2024-06-11 09:55:27 Success.
2024-06-11 09:55:27 Latest version is 1.6.3
2024-06-11 09:55:27 App is up to date.
2024-06-11 10:55:26 Checking for update using Github
2024-06-11 10:55:27 Success.
2024-06-11 10:55:27 Latest version is 1.6.3
2024-06-11 10:55:27 App is up to date.
2024-06-11 11:55:26 Checking for update using Github
2024-06-11 11:55:27 Success.
2024-06-11 11:55:27 Latest version is 1.6.3
2024-06-11 11:55:27 App is up to date.
2024-06-12 15:43:47 Loading main app package /usr/lib/obsidian/obsidian.asar
2024-06-12 15:43:50 Checking for update using Github
2024-06-12 15:43:51 Success.
2024-06-12 15:43:51 Latest version is 1.6.3
2024-06-12 15:43:51 App is up to date.
2024-06-23 15:58:50 Loading main app package /usr/lib/obsidian/obsidian.asar
2024-06-23 15:58:52 Checking for update using Github
2024-06-23 15:58:53 Success.
2024-06-23 15:58:53 Latest version is 1.6.3
2024-06-23 15:58:53 App is up to date.
2024-06-23 20:07:02 Loading main app package /usr/lib/obsidian/obsidian.asar
2024-06-23 20:07:03 Checking for update using Github
2024-06-23 20:07:03 Success.
2024-06-23 20:07:03 Latest version is 1.6.3
2024-06-23 20:07:03 App is up to date.
2024-06-23 21:07:02 Checking for update using Github
2024-06-23 21:07:03 Success.
2024-06-23 21:07:03 Latest version is 1.6.3
2024-06-23 21:07:03 App is up to date.
2024-06-25 12:04:31 Loading main app package /usr/lib/obsidian/obsidian.asar
2024-06-25 12:04:34 Checking for update using Github
2024-06-25 12:04:35 Success.
2024-06-25 12:04:35 Latest version is 1.6.3
2024-06-25 12:04:35 App is up to date.
2024-06-25 13:04:31 Checking for update using Github
2024-06-25 13:04:31 Success.
2024-06-25 13:04:31 Latest version is 1.6.3
2024-06-25 13:04:31 App is up to date.
2024-06-28 14:28:35 Loading main app package /usr/lib/obsidian/obsidian.asar
2024-06-28 14:28:36 Checking for update using Github
2024-06-28 14:28:36 Success.
2024-06-28 14:28:36 Latest version is 1.6.5
2024-06-28 14:28:36 App is up to date.
2024-06-28 15:28:35 Checking for update using Github
2024-06-28 15:28:35 Success.
2024-06-28 15:28:35 Latest version is 1.6.5
2024-06-28 15:28:35 App is up to date.
2024-06-28 16:28:35 Checking for update using Github
2024-06-28 16:28:36 Success.
2024-06-28 16:28:36 Latest version is 1.6.5
2024-06-28 16:28:36 App is up to date.
2024-06-28 17:28:35 Checking for update using Github
2024-06-28 17:28:36 Success.
2024-06-28 17:28:36 Latest version is 1.6.5
2024-06-28 17:28:36 App is up to date.
2024-06-28 18:28:35 Checking for update using Github
2024-06-28 18:28:36 Success.
2024-06-28 18:28:36 Latest version is 1.6.5
2024-06-28 18:28:36 App is up to date.
2024-06-28 19:28:35 Checking for update using Github
2024-06-28 19:28:36 Success.
2024-06-28 19:28:36 Latest version is 1.6.5
2024-06-28 19:28:36 App is up to date.
2024-06-30 08:43:55 Loading main app package /usr/lib/obsidian/obsidian.asar
2024-06-30 08:43:59 Checking for update using Github
2024-06-30 08:44:00 Success.
2024-06-30 08:44:00 Latest version is 1.6.5
2024-06-30 08:44:00 App is up to date.
2024-06-30 08:44:03 Loading main app package /usr/lib/obsidian/obsidian.asar
2024-06-30 08:44:03 Checking for update using Github
2024-06-30 08:44:09 Loading main app package /usr/lib/obsidian/obsidian.asar
2024-06-30 08:44:10 Checking for update using Github
2024-06-30 08:44:10 Success.
2024-06-30 08:44:10 Latest version is 1.6.5
2024-06-30 08:44:10 App is up to date.
2024-06-30 09:44:09 Checking for update using Github
2024-06-30 09:44:10 Success.
2024-06-30 09:44:10 Latest version is 1.6.5
2024-06-30 09:44:10 App is up to date.
2024-06-30 10:44:09 Checking for update using Github
2024-06-30 10:44:10 Success.
2024-06-30 10:44:10 Latest version is 1.6.5
2024-06-30 10:44:10 App is up to date.
2024-06-30 11:44:10 Checking for update using Github
2024-06-30 11:44:10 Success.
2024-06-30 11:44:10 Latest version is 1.6.5
2024-06-30 11:44:10 App is up to date.
2024-06-30 12:44:10 Checking for update using Github
2024-06-30 12:44:10 Success.
2024-06-30 12:44:10 Latest version is 1.6.5
2024-06-30 12:44:10 App is up to date.
2024-06-30 13:44:10 Checking for update using Github
2024-06-30 13:44:10 Success.
2024-06-30 13:44:10 Latest version is 1.6.5
2024-06-30 13:44:10 App is up to date.
2024-06-30 14:44:10 Checking for update using Github
2024-06-30 14:44:10 Success.
2024-06-30 14:44:10 Latest version is 1.6.5
2024-06-30 14:44:10 App is up to date.
2024-06-30 15:44:10 Checking for update using Github
2024-06-30 15:44:10 Success.
2024-06-30 15:44:10 Latest version is 1.6.5
2024-06-30 15:44:10 App is up to date.
2024-06-30 16:44:10 Checking for update using Github
2024-06-30 16:44:10 Success.
2024-06-30 16:44:10 Latest version is 1.6.5
2024-06-30 16:44:10 App is up to date.
2024-06-30 17:44:10 Checking for update using Github
2024-06-30 17:44:10 Success.
2024-06-30 17:44:10 Latest version is 1.6.5
2024-06-30 17:44:10 App is up to date.
2024-06-30 18:44:10 Checking for update using Github
2024-06-30 18:44:10 Success.
2024-06-30 18:44:10 Latest version is 1.6.5
2024-06-30 18:44:10 App is up to date.
2024-07-04 18:33:58 Loading main app package /usr/lib/obsidian/obsidian.asar
2024-07-04 18:34:01 Checking for update using Github
2024-07-04 18:34:03 Success.
2024-07-04 18:34:03 Latest version is 1.6.5
2024-07-04 18:34:03 App is up to date.
2024-07-04 18:35:40 Loading main app package /usr/lib/obsidian/obsidian.asar
2024-07-04 18:35:40 Checking for update using Github
2024-07-04 18:35:40 Success.
2024-07-04 18:35:40 Latest version is 1.6.5
2024-07-04 18:35:40 App is up to date.
2024-08-14 22:46:16 Loading main app package /usr/lib/obsidian/obsidian.asar
2024-08-14 22:46:16 Checking for update using Github
2024-08-14 22:46:16 Success.
2024-08-14 22:46:16 Latest version is 1.6.7
2024-08-14 22:46:16 App is up to date.
2024-08-14 22:46:49 Loading main app package /usr/lib/obsidian/obsidian.asar
2024-08-14 22:46:49 Checking for update using Github
2024-08-14 22:46:49 Success.
2024-08-14 22:46:49 Latest version is 1.6.7
2024-08-14 22:46:49 App is up to date.
2024-08-14 22:47:03 Loading main app package /usr/lib/obsidian/obsidian.asar
2024-08-14 22:47:03 Checking for update using Github
2024-08-14 22:47:03 Success.
2024-08-14 22:47:03 Latest version is 1.6.7
2024-08-14 22:47:03 App is up to date.
2024-08-14 23:20:40 Loading main app package /usr/lib/obsidian/obsidian.asar
2024-08-14 23:20:40 Checking for update using Github
2024-08-14 23:22:22 Failed to check for update using Github (Unexpected token '<', "
<?xml vers"... is not valid JSON)
2024-08-14 23:22:22 Checking for update using obsidian.md
2024-08-14 23:22:22 Failed to check for update using obsidian.md (Unexpected end of JSON input)
2024-08-14 23:26:14 Loading main app package /usr/lib/obsidian/obsidian.asar
2024-08-14 23:26:14 Checking for update using Github
